<?xml version="1.0" encoding="UTF-8"?>
<!-- Generated by org.testng.reporters.JUnitXMLReporter -->
<testsuite ignored="1" hostname="LAPTOP-R73FJCSE" failures="0" tests="3" name="Firts Test" time="43.478" errors="0" timestamp="2023-02-20T15:34:36 PST">
  <testcase classname="com.jan23.tekarch.TakarchAutomation" name="loginToFirebase" time="15.305"/>
  <testcase classname="com.jan23.tekarch.TakarchAutomation" name="student_Registration_Form" time="13.581"/>
  <testcase classname="com.jan23.tekarch.TakarchAutomation" name="autocompleteCountryWidget" time="14.512"/>
  <testcase classname="com.jan23.tekarch.TakarchAutomation" name="error_Login_Salesforce" time="0.0">
    <ignored/>
  </testcase> <!-- error_Login_Salesforce -->
</testsuite> <!-- Firts Test -->
