<?xml version="1.0" encoding="UTF-8"?>
<!-- Generated by org.testng.reporters.JUnitXMLReporter -->
<testsuite ignored="1" hostname="LAPTOP-R73FJCSE" failures="0" tests="3" name="Firts Test" time="41.101" errors="0" timestamp="2023-02-20T16:52:40 PST">
  <testcase classname="com.jan23.tekarch.TakarchAutomation" name="loginToFirebase" time="13.01"/>
  <testcase classname="com.jan23.tekarch.TakarchAutomation" name="student_Registration_Form" time="13.488"/>
  <testcase classname="com.jan23.tekarch.TakarchAutomation" name="autocompleteCountryWidget" time="14.477"/>
  <testcase classname="com.jan23.tekarch.TakarchAutomation" name="error_Login_Salesforce" time="0.0">
    <ignored/>
  </testcase> <!-- error_Login_Salesforce -->
</testsuite> <!-- Firts Test -->
