<?xml version="1.0" encoding="UTF-8"?>
<!-- Generated by org.testng.reporters.JUnitXMLReporter -->
<testsuite ignored="1" hostname="LAPTOP-R73FJCSE" failures="0" tests="3" name="Default test" time="40.742" errors="0" timestamp="2023-02-20T19:34:15 PST">
  <testcase classname="com.jan23.tekarch.TakarchAutomation" name="loginToFirebase" time="14.615"/>
  <testcase classname="com.jan23.tekarch.TakarchAutomation" name="student_Registration_Form" time="12.275"/>
  <testcase classname="com.jan23.tekarch.TakarchAutomation" name="autocompleteCountryWidget" time="13.779"/>
  <testcase classname="com.jan23.tekarch.TakarchAutomation" name="error_Login_Salesforce" time="0.0">
    <ignored/>
  </testcase> <!-- error_Login_Salesforce -->
</testsuite> <!-- Default test -->
