<?xml version="1.0" encoding="UTF-8"?>
<testng-results ignored="1" total="4" passed="3" failed="0" skipped="0">
  <reporter-output>
  </reporter-output>
  <suite started-at="2023-02-20T19:33:34 PST" name="Default suite" finished-at="2023-02-20T19:34:15 PST" duration-ms="40742">
    <groups>
    </groups>
    <test started-at="2023-02-20T19:33:34 PST" name="Default test" finished-at="2023-02-20T19:34:15 PST" duration-ms="40742">
      <class name="com.jan23.tekarch.TakarchAutomation">
        <test-method signature="loginToFirebase()[pri:0, instance:com.jan23.tekarch.TakarchAutomation@3c73951]" started-at="2023-02-20T19:33:34 PST" name="loginToFirebase" finished-at="2023-02-20T19:33:49 PST" duration-ms="14615" status="PASS">
          <reporter-output>
          </reporter-output>
        </test-method> <!-- loginToFirebase -->
        <test-method signature="student_Registration_Form()[pri:1, instance:com.jan23.tekarch.TakarchAutomation@3c73951]" started-at="2023-02-20T19:33:49 PST" name="student_Registration_Form" finished-at="2023-02-20T19:34:01 PST" duration-ms="12275" status="PASS">
          <reporter-output>
          </reporter-output>
        </test-method> <!-- student_Registration_Form -->
        <test-method signature="autocompleteCountryWidget()[pri:2, instance:com.jan23.tekarch.TakarchAutomation@3c73951]" started-at="2023-02-20T19:34:01 PST" name="autocompleteCountryWidget" finished-at="2023-02-20T19:34:15 PST" duration-ms="13779" status="PASS">
          <reporter-output>
          </reporter-output>
        </test-method> <!-- autocompleteCountryWidget -->
      </class> <!-- com.jan23.tekarch.TakarchAutomation -->
    </test> <!-- Default test -->
  </suite> <!-- Default suite -->
</testng-results>
